<?xml version="1.0" encoding="UTF-8"?>
<!-- Generated by org.testng.reporters.JUnitReportReporter -->
<testsuite skipped="0" hostname="CO-IT01380" name="com.automation.training.tests.BookingProcessTest" tests="1" failures="0" timestamp="29 Aug 2018 19:05:28 GMT" time="1.962" errors="0">
  <testcase name="firtScenarioTest" time="1.962" classname="com.automation.training.tests.BookingProcessTest"/>
</testsuite> <!-- com.automation.training.tests.BookingProcessTest -->
